0 info it worked if it ends with ok
1 verbose cli [ '/usr/bin/node',
1 verbose cli   '/usr/bin/npm',
1 verbose cli   'install',
1 verbose cli   '--save-dev',
1 verbose cli   'bootstrap@3.' ]
2 info using npm@1.4.28
3 info using node@v0.10.37
4 verbose node symlink /usr/bin/node
5 warn package.json desafio@1.0.0 No description
6 warn package.json desafio@1.0.0 No repository field.
7 warn package.json desafio@1.0.0 No README data
8 verbose readDependencies using package.json deps
9 verbose cache add [ 'bootstrap@3.', null ]
10 verbose cache add name=undefined spec="bootstrap@3." args=["bootstrap@3.",null]
11 verbose parsed url { protocol: null,
11 verbose parsed url   slashes: null,
11 verbose parsed url   auth: null,
11 verbose parsed url   host: null,
11 verbose parsed url   port: null,
11 verbose parsed url   hostname: null,
11 verbose parsed url   hash: null,
11 verbose parsed url   search: null,
11 verbose parsed url   query: null,
11 verbose parsed url   pathname: 'bootstrap@3.',
11 verbose parsed url   path: 'bootstrap@3.',
11 verbose parsed url   href: 'bootstrap@3.' }
12 verbose cache add name="bootstrap" spec="3." args=["bootstrap","3."]
13 verbose parsed url { protocol: null,
13 verbose parsed url   slashes: null,
13 verbose parsed url   auth: null,
13 verbose parsed url   host: null,
13 verbose parsed url   port: null,
13 verbose parsed url   hostname: null,
13 verbose parsed url   hash: null,
13 verbose parsed url   search: null,
13 verbose parsed url   query: null,
13 verbose parsed url   pathname: '3.',
13 verbose parsed url   path: '3.',
13 verbose parsed url   href: '3.' }
14 verbose addNamed [ 'bootstrap', '3.' ]
15 verbose addNamed [ null, null ]
16 silly lockFile 60b982e4-bootstrap-3 bootstrap@3.
17 verbose lock bootstrap@3. /root/.npm/60b982e4-bootstrap-3.lock
18 info addNameTag [ 'bootstrap', '3.' ]
19 verbose request where is /bootstrap
20 verbose request registry https://registry.npmjs.org/
21 verbose request id ca8bd333dbdecb26
22 verbose url raw /bootstrap
23 verbose url resolving [ 'https://registry.npmjs.org/', './bootstrap' ]
24 verbose url resolved https://registry.npmjs.org/bootstrap
25 verbose request where is https://registry.npmjs.org/bootstrap
26 info trying registry request attempt 1 at 15:19:35
27 http GET https://registry.npmjs.org/bootstrap
28 http 200 https://registry.npmjs.org/bootstrap
29 silly registry.get cb [ 200,
29 silly registry.get   { server: 'CouchDB/1.5.0 (Erlang OTP/R16B03)',
29 silly registry.get     etag: '"8CRZGV7TMOTDEEH4JS6NDL1ZY"',
29 silly registry.get     'content-type': 'application/json',
29 silly registry.get     'content-encoding': 'gzip',
29 silly registry.get     'cache-control': 'max-age=300',
29 silly registry.get     'content-length': '10021',
29 silly registry.get     'accept-ranges': 'bytes',
29 silly registry.get     date: 'Wed, 07 Sep 2016 18:19:36 GMT',
29 silly registry.get     via: '1.1 varnish',
29 silly registry.get     age: '156',
29 silly registry.get     connection: 'keep-alive',
29 silly registry.get     'x-served-by': 'cache-iad2620-IAD',
29 silly registry.get     'x-cache': 'HIT',
29 silly registry.get     'x-cache-hits': '1',
29 silly registry.get     'x-timer': 'S1473272376.056712,VS0,VE0',
29 silly registry.get     vary: 'Accept-Encoding' } ]
30 silly lockFile 60b982e4-bootstrap-3 bootstrap@3.
31 silly lockFile 60b982e4-bootstrap-3 bootstrap@3.
32 error notarget No compatible version found: bootstrap@'3.'
32 error notarget Valid install targets:
32 error notarget ["0.0.1","0.0.2","3.1.1","3.2.0","3.3.0","3.3.1","3.3.2","3.3.4","3.3.5","3.3.6","4.0.0-alpha.2","3.3.7","4.0.0-alpha.3","4.0.0-alpha.4"]
32 error notarget
32 error notarget This is most likely not a problem with npm itself.
32 error notarget In most cases you or one of your dependencies are requesting
32 error notarget a package version that doesn't exist.
33 error System Linux 4.4.0-36-generic
34 error command "/usr/bin/node" "/usr/bin/npm" "install" "--save-dev" "bootstrap@3."
35 error cwd /home/diogo/proj-python/desafio/app/src
36 error node -v v0.10.37
37 error npm -v 1.4.28
38 error code ETARGET
39 verbose exit [ 1, true ]
